{"level":"info","message":"⌛ Building environment","timeElapsed":265,"timestamp":"2024-11-19T00:33:04.923Z"}
{"level":"info","message":"⌛ Validating niveles.wlk","timeElapsed":164,"timestamp":"2024-11-19T00:33:05.096Z"}
{"level":"info","message":"⌛ Building environment","timeElapsed":286,"timestamp":"2024-11-19T00:33:25.991Z"}
{"level":"info","message":"⌛ Validating niveles.wlk","timeElapsed":161,"timestamp":"2024-11-19T00:33:26.163Z"}
{"level":"info","message":"⌛ Building environment","timeElapsed":282,"timestamp":"2024-11-19T00:33:38.396Z"}
{"level":"info","message":"⌛ Validating niveles.wlk","timeElapsed":158,"timestamp":"2024-11-19T00:33:38.561Z"}
{"level":"info","message":"⌛ Building environment","timeElapsed":276,"timestamp":"2024-11-19T00:33:43.592Z"}
{"level":"info","message":"⌛ Validating niveles.wlk","timeElapsed":155,"timestamp":"2024-11-19T00:33:43.777Z"}
{"level":"info","message":"⌛ Building environment","timeElapsed":295,"timestamp":"2024-11-19T00:33:49.360Z"}
{"level":"info","message":"⌛ Validating niveles.wlk","timeElapsed":163,"timestamp":"2024-11-19T00:33:49.529Z"}
{"level":"info","message":"⌛ Building environment","timeElapsed":267,"timestamp":"2024-11-19T00:33:51.639Z"}
{"level":"info","message":"⌛ Validating niveles.wlk","timeElapsed":165,"timestamp":"2024-11-19T00:33:51.836Z"}
{"level":"info","message":"⌛ Building environment","timeElapsed":286,"timestamp":"2024-11-19T00:34:18.208Z"}
{"level":"info","message":"⌛ Validating niveles.wlk","timeElapsed":168,"timestamp":"2024-11-19T00:34:18.416Z"}
{"level":"info","message":"⌛ Building environment","timeElapsed":283,"timestamp":"2024-11-19T00:34:25.613Z"}
{"level":"info","message":"⌛ Validating niveles.wlk","timeElapsed":152,"timestamp":"2024-11-19T00:34:25.772Z"}
{"level":"info","message":"⌛ Building environment","timeElapsed":282,"timestamp":"2024-11-19T00:34:31.044Z"}
{"level":"info","message":"⌛ Validating niveles.wlk","timeElapsed":156,"timestamp":"2024-11-19T00:34:31.208Z"}
{"level":"info","message":"⌛ Building environment","timeElapsed":279,"timestamp":"2024-11-19T00:34:31.615Z"}
{"level":"info","message":"⌛ Validating niveles.wlk","timeElapsed":203,"timestamp":"2024-11-19T00:34:31.824Z"}
{"level":"info","message":"⌛ Building environment","timeElapsed":123,"timestamp":"2024-11-19T00:34:37.399Z"}
{"level":"info","message":"⌛ Validating NPC.wlk","timeElapsed":167,"timestamp":"2024-11-19T00:34:37.650Z"}
{"level":"info","message":"⌛ Building environment","timeElapsed":309,"timestamp":"2024-11-19T00:34:39.191Z"}
{"level":"info","message":"⌛ Validating niveles.wlk","timeElapsed":160,"timestamp":"2024-11-19T00:34:39.392Z"}
{"level":"info","message":"⌛ Building environment","timeElapsed":271,"timestamp":"2024-11-19T00:34:40.794Z"}
{"level":"info","message":"⌛ Validating niveles.wlk","timeElapsed":161,"timestamp":"2024-11-19T00:34:40.991Z"}
{"level":"info","message":"⌛ Building environment","timeElapsed":303,"timestamp":"2024-11-19T00:34:48.448Z"}
{"level":"info","message":"⌛ Building environment","timeElapsed":284,"timestamp":"2024-11-19T00:34:48.733Z"}
{"level":"info","message":"⌛ Validating niveles.wlk","timeElapsed":170,"timestamp":"2024-11-19T00:34:48.904Z"}
{"level":"info","message":"⌛ Validating niveles.wlk","timeElapsed":142,"timestamp":"2024-11-19T00:34:49.054Z"}
{"level":"info","message":"⌛ Building environment","timeElapsed":270,"timestamp":"2024-11-19T00:34:50.078Z"}
{"level":"info","message":"⌛ Validating niveles.wlk","timeElapsed":159,"timestamp":"2024-11-19T00:34:50.243Z"}
{"level":"info","message":"⌛ Building environment","timeElapsed":273,"timestamp":"2024-11-19T00:34:50.945Z"}
{"level":"info","message":"⌛ Validating niveles.wlk","timeElapsed":154,"timestamp":"2024-11-19T00:34:51.104Z"}
{"level":"info","message":"⌛ Building environment","timeElapsed":281,"timestamp":"2024-11-19T00:35:31.633Z"}
{"level":"info","message":"⌛ Validating niveles.wlk","timeElapsed":164,"timestamp":"2024-11-19T00:35:31.865Z"}
{"level":"info","message":"onRequest - completionItem/resolve","timestamp":"2024-11-19T00:35:31.865Z"}
{"level":"info","message":"⌛ Building environment","timeElapsed":267,"timestamp":"2024-11-19T00:35:32.889Z"}
{"level":"info","message":"⌛ Validating niveles.wlk","timeElapsed":176,"timestamp":"2024-11-19T00:35:33.073Z"}
{"level":"info","message":"⌛ Building environment","timeElapsed":262,"timestamp":"2024-11-19T00:35:33.550Z"}
{"level":"info","message":"⌛ Validating niveles.wlk","timeElapsed":147,"timestamp":"2024-11-19T00:35:33.724Z"}
{"level":"info","message":"onRequest - completionItem/resolve","timestamp":"2024-11-19T00:35:33.725Z"}
{"level":"info","message":"⌛ Building environment","timeElapsed":288,"timestamp":"2024-11-19T00:35:34.616Z"}
{"level":"info","message":"⌛ Validating niveles.wlk","timeElapsed":159,"timestamp":"2024-11-19T00:35:34.782Z"}
{"level":"info","message":"⌛ Building environment","timeElapsed":114,"timestamp":"2024-11-19T00:36:05.992Z"}
{"level":"info","message":"⌛ Validating prueba.wlk","timeElapsed":171,"timestamp":"2024-11-19T00:36:06.164Z"}
{"level":"info","message":"⌛ Building environment","timeElapsed":105,"timestamp":"2024-11-19T00:36:06.745Z"}
{"level":"error","message":"✘ Completions for node failed: Error: prueba.gameManager.nivel [Field]{ae2201} at prueba.wlk:22 exhausted all cases without a match prueba.gameManager.nivel [Field]{ae2201} at prueba.wlk:22 exhausted all cases without a match","stack":"Error: prueba.gameManager.nivel [Field]{ae2201} at prueba.wlk:22 exhausted all cases without a match\n    at c:\\Users\\nanch\\.vscode\\extensions\\uqbar.wollok-lsp-ide-0.3.6\\out\\server\\src\\server.js:38:6067\n    at yh (c:\\Users\\nanch\\.vscode\\extensions\\uqbar.wollok-lsp-ide-0.3.6\\out\\server\\src\\server.js:2291:42)\n    at kh (c:\\Users\\nanch\\.vscode\\extensions\\uqbar.wollok-lsp-ide-0.3.6\\out\\server\\src\\server.js:2291:1004)\n    at Y5n (c:\\Users\\nanch\\.vscode\\extensions\\uqbar.wollok-lsp-ide-0.3.6\\out\\server\\src\\server.js:2291:1160)\n    at c:\\Users\\nanch\\.vscode\\extensions\\uqbar.wollok-lsp-ide-0.3.6\\out\\server\\src\\server.js:38:6056\n    at yh (c:\\Users\\nanch\\.vscode\\extensions\\uqbar.wollok-lsp-ide-0.3.6\\out\\server\\src\\server.js:2291:42)\n    at c:\\Users\\nanch\\.vscode\\extensions\\uqbar.wollok-lsp-ide-0.3.6\\out\\server\\src\\server.js:2291:2700\n    at c:\\Users\\nanch\\.vscode\\extensions\\uqbar.wollok-lsp-ide-0.3.6\\out\\server\\src\\server.js:2298:3774\n    at c:\\Users\\nanch\\.vscode\\extensions\\uqbar.wollok-lsp-ide-0.3.6\\out\\server\\src\\server.js:37:74872\n    at Fe (c:\\Users\\nanch\\.vscode\\extensions\\uqbar.wollok-lsp-ide-0.3.6\\out\\server\\src\\server.js:7:8527)","timestamp":"2024-11-19T00:36:06.772Z"}
{"level":"info","message":"⌛ Validating prueba.wlk","timeElapsed":135,"timestamp":"2024-11-19T00:36:06.908Z"}
{"level":"info","message":"⌛ Building environment","timeElapsed":264,"timestamp":"2024-11-19T00:37:41.081Z"}
{"level":"info","message":"⌛ Validating niveles.wlk","timeElapsed":155,"timestamp":"2024-11-19T00:37:41.276Z"}
{"errors":{"errors":[null,"Utiliza las flechas direccionales para moverte\n    suerte en tu aventura"]},"level":"error","message":"✘ Failed to get type description: Error: {\n  \"errors\": [\n    null,\n    \"Utiliza las flechas direccionales para moverte\\n    suerte en tu aventura\"\n  ]\n} {\n  \"errors\": [\n    null,\n    \"Utiliza las flechas direccionales para moverte\\n    suerte en tu aventura\"\n  ]\n}","stack":"Error: {\n  \"errors\": [\n    null,\n    \"Utiliza las flechas direccionales para moverte\\n    suerte en tu aventura\"\n  ]\n}\n    at Xp (c:\\Users\\nanch\\.vscode\\extensions\\uqbar.wollok-lsp-ide-0.3.6\\out\\server\\src\\server.js:64:34609)\n    at C1 (c:\\Users\\nanch\\.vscode\\extensions\\uqbar.wollok-lsp-ide-0.3.6\\out\\server\\src\\server.js:64:34682)\n    at c:\\Users\\nanch\\.vscode\\extensions\\uqbar.wollok-lsp-ide-0.3.6\\out\\server\\src\\server.js:64:37949\n    at o.i1 (c:\\Users\\nanch\\.vscode\\extensions\\uqbar.wollok-lsp-ide-0.3.6\\out\\server\\src\\server.js:57:54437)\n    at c:\\Users\\nanch\\.vscode\\extensions\\uqbar.wollok-lsp-ide-0.3.6\\out\\server\\src\\server.js:64:37918\n    at c:\\Users\\nanch\\.vscode\\extensions\\uqbar.wollok-lsp-ide-0.3.6\\out\\server\\src\\server.js:57:52466\n    at c:\\Users\\nanch\\.vscode\\extensions\\uqbar.wollok-lsp-ide-0.3.6\\out\\server\\src\\server.js:68:7950\n    at c:\\Users\\nanch\\.vscode\\extensions\\uqbar.wollok-lsp-ide-0.3.6\\out\\server\\src\\server.js:38:6056\n    at c:\\Users\\nanch\\.vscode\\extensions\\uqbar.wollok-lsp-ide-0.3.6\\out\\server\\src\\server.js:68:3612\n    at c:\\Users\\nanch\\.vscode\\extensions\\uqbar.wollok-lsp-ide-0.3.6\\out\\server\\src\\server.js:68:8731","timestamp":"2024-11-19T00:37:54.115Z"}
{"level":"info","message":"⌛ Building environment","timeElapsed":247,"timestamp":"2024-11-19T00:38:08.054Z"}
{"level":"info","message":"⌛ Validating niveles.wlk","timeElapsed":157,"timestamp":"2024-11-19T00:38:08.214Z"}
{"level":"info","message":"⌛ Building environment","timeElapsed":101,"timestamp":"2024-11-19T00:40:10.637Z"}
{"level":"info","message":"⌛ Validating Jugador.wlk","timeElapsed":150,"timestamp":"2024-11-19T00:40:10.808Z"}
{"level":"info","message":"⌛ Building environment","timeElapsed":111,"timestamp":"2024-11-19T00:42:05.264Z"}
{"level":"info","message":"⌛ Validating Jugador.wlk","timeElapsed":155,"timestamp":"2024-11-19T00:42:05.441Z"}
{"level":"info","message":"⌛ Building environment","timeElapsed":109,"timestamp":"2024-11-19T00:42:21.333Z"}
{"level":"info","message":"⌛ Validating Jugador.wlk","timeElapsed":163,"timestamp":"2024-11-19T00:42:21.497Z"}
{"level":"info","message":"⌛ Building environment","timeElapsed":101,"timestamp":"2024-11-19T00:42:27.782Z"}
{"level":"info","message":"⌛ Validating Jugador.wlk","timeElapsed":134,"timestamp":"2024-11-19T00:42:27.919Z"}
{"level":"info","message":"⌛ Building environment","timeElapsed":109,"timestamp":"2024-11-19T00:42:37.299Z"}
{"level":"info","message":"⌛ Validating Jugador.wlk","timeElapsed":155,"timestamp":"2024-11-19T00:42:37.456Z"}
{"level":"info","message":"⌛ Validating Jugador.wlk","timeElapsed":160,"timestamp":"2024-11-19T00:42:38.521Z"}
{"level":"info","message":"⌛ Validating Jugador.wlk","timeElapsed":138,"timestamp":"2024-11-19T00:42:38.867Z"}
{"level":"info","message":"⌛ Building environment","timeElapsed":114,"timestamp":"2024-11-19T00:42:39.129Z"}
{"level":"info","message":"⌛ Validating Jugador.wlk","timeElapsed":144,"timestamp":"2024-11-19T00:42:39.274Z"}
{"level":"info","message":"⌛ Building environment","timeElapsed":101,"timestamp":"2024-11-19T00:42:39.604Z"}
{"level":"info","message":"⌛ Validating Jugador.wlk","timeElapsed":159,"timestamp":"2024-11-19T00:42:39.765Z"}
{"level":"info","message":"⌛ Building environment","timeElapsed":259,"timestamp":"2024-11-19T00:44:46.082Z"}
{"level":"info","message":"⌛ Validating niveles.wlk","timeElapsed":150,"timestamp":"2024-11-19T00:44:46.263Z"}
{"level":"info","message":"⌛ Building environment","timeElapsed":244,"timestamp":"2024-11-19T00:44:49.366Z"}
{"level":"info","message":"⌛ Building environment","timeElapsed":262,"timestamp":"2024-11-19T00:44:49.691Z"}
{"level":"info","message":"⌛ Validating niveles.wlk","timeElapsed":159,"timestamp":"2024-11-19T00:44:49.851Z"}
{"level":"info","message":"onRequest - completionItem/resolve","timestamp":"2024-11-19T00:44:49.852Z"}
{"level":"info","message":"⌛ Validating niveles.wlk","timeElapsed":154,"timestamp":"2024-11-19T00:44:50.045Z"}
{"level":"info","message":"⌛ Building environment","timeElapsed":247,"timestamp":"2024-11-19T00:44:50.293Z"}
{"level":"info","message":"onRequest - completionItem/resolve","timestamp":"2024-11-19T00:44:50.293Z"}
{"level":"info","message":"⌛ Building environment","timeElapsed":242,"timestamp":"2024-11-19T00:44:50.541Z"}
{"level":"info","message":"onRequest - completionItem/resolve","timestamp":"2024-11-19T00:44:50.542Z"}
{"level":"info","message":"⌛ Validating niveles.wlk","timeElapsed":156,"timestamp":"2024-11-19T00:44:50.739Z"}
{"level":"info","message":"⌛ Validating niveles.wlk","timeElapsed":170,"timestamp":"2024-11-19T00:44:50.910Z"}
{"level":"info","message":"⌛ Building environment","timeElapsed":248,"timestamp":"2024-11-19T00:44:51.344Z"}
{"level":"info","message":"⌛ Validating niveles.wlk","timeElapsed":154,"timestamp":"2024-11-19T00:44:51.551Z"}
{"level":"info","message":"onRequest - completionItem/resolve","timestamp":"2024-11-19T00:44:51.551Z"}
{"level":"info","message":"⌛ Building environment","timeElapsed":256,"timestamp":"2024-11-19T00:44:52.576Z"}
{"level":"info","message":"onRequest - completionItem/resolve","timestamp":"2024-11-19T00:44:52.598Z"}
{"level":"info","message":"⌛ Validating niveles.wlk","timeElapsed":150,"timestamp":"2024-11-19T00:44:52.749Z"}
{"level":"info","message":"⌛ Building environment","timeElapsed":250,"timestamp":"2024-11-19T00:44:55.858Z"}
{"level":"info","message":"onRequest - completionItem/resolve","timestamp":"2024-11-19T00:44:55.858Z"}
{"level":"info","message":"⌛ Validating niveles.wlk","timeElapsed":159,"timestamp":"2024-11-19T00:44:56.018Z"}
{"level":"info","message":"⌛ Building environment","timeElapsed":261,"timestamp":"2024-11-19T00:44:56.741Z"}
{"level":"info","message":"onRequest - completionItem/resolve","timestamp":"2024-11-19T00:44:56.743Z"}
{"level":"info","message":"⌛ Validating niveles.wlk","timeElapsed":142,"timestamp":"2024-11-19T00:44:56.891Z"}
{"level":"info","message":"⌛ Building environment","timeElapsed":249,"timestamp":"2024-11-19T00:44:58.058Z"}
{"level":"info","message":"⌛ Validating niveles.wlk","timeElapsed":147,"timestamp":"2024-11-19T00:44:58.208Z"}
{"exitCode":"SIGHUP","level":"info","message":"👾 Game executed Juego.Katos on d:\\ProyectosWollok\\TPGameIntegrador-ctrl-z","timeElapsed":432698,"timestamp":"2024-11-19T00:45:29.408Z"}
